Added Component: Designator=*1(DRV8825 Carrier)
Added Component: Designator=*2(DRV8825 Carrier)
Added Component: Designator=1(SOT223)
Added Component: Designator=C1(circular 200 mil)
Added Component: Designator=C2(circular 200 mil)
Added Component: Designator=M1(ESP32S_W)
Added Component: Designator=P1(HDR1X3)
Added Component: Designator=P2(HDR1X2)
Added Component: Designator=P3(HDR1X2)
Added Component: Designator=P4(HDR1X4)
Added Component: Designator=P5(HDR1X4)
Added Pin To Net: NetName=3V3 Pin=*1-2
Added Pin To Net: NetName=3V3 Pin=*1-3
Added Pin To Net: NetName=3V3 Pin=*1-4
Added Pin To Net: NetName=3V3 Pin=*1-5
Added Pin To Net: NetName=3V3 Pin=*1-6
Added Pin To Net: NetName=3V3 Pin=*2-2
Added Pin To Net: NetName=3V3 Pin=*2-3
Added Pin To Net: NetName=3V3 Pin=*2-4
Added Pin To Net: NetName=3V3 Pin=*2-5
Added Pin To Net: NetName=3V3 Pin=*2-6
Added Pin To Net: NetName=3V3 Pin=1-2
Added Pin To Net: NetName=3V3 Pin=M1-2
Added Net: Name=3V3
Added Pin To Net: NetName=5V Pin=1-3
Added Net: Name=5V
Added Pin To Net: NetName=12V Pin=*1-16
Added Pin To Net: NetName=12V Pin=*2-16
Added Pin To Net: NetName=12V Pin=C1-2
Added Pin To Net: NetName=12V Pin=C2-2
Added Pin To Net: NetName=12V Pin=P3-2
Added Net: Name=12V
Added Pin To Net: NetName=BOOT Pin=M1-25
Added Pin To Net: NetName=BOOT Pin=P2-2
Added Net: Name=BOOT
Added Pin To Net: NetName=DIR1 Pin=*2-7
Added Pin To Net: NetName=DIR1 Pin=M1-12
Added Net: Name=DIR1
Added Pin To Net: NetName=DIR2 Pin=*1-7
Added Pin To Net: NetName=DIR2 Pin=M1-14
Added Net: Name=DIR2
Added Pin To Net: NetName=GND Pin=*1-1
Added Pin To Net: NetName=GND Pin=*1-9
Added Pin To Net: NetName=GND Pin=*1-15
Added Pin To Net: NetName=GND Pin=*2-1
Added Pin To Net: NetName=GND Pin=*2-9
Added Pin To Net: NetName=GND Pin=*2-15
Added Pin To Net: NetName=GND Pin=1-1
Added Pin To Net: NetName=GND Pin=C1-1
Added Pin To Net: NetName=GND Pin=C2-1
Added Pin To Net: NetName=GND Pin=M1-1
Added Pin To Net: NetName=GND Pin=M1-15
Added Pin To Net: NetName=GND Pin=M1-38
Added Pin To Net: NetName=GND Pin=M1-101
Added Pin To Net: NetName=GND Pin=P1-1
Added Pin To Net: NetName=GND Pin=P2-1
Added Pin To Net: NetName=GND Pin=P3-1
Added Net: Name=GND
Added Pin To Net: NetName=LASER Pin=M1-16
Added Net: Name=LASER
Added Pin To Net: NetName=Net*1_11 Pin=*1-11
Added Pin To Net: NetName=Net*1_11 Pin=P4-4
Added Net: Name=Net*1_11
Added Pin To Net: NetName=Net*1_12 Pin=*1-12
Added Pin To Net: NetName=Net*1_12 Pin=P4-3
Added Net: Name=Net*1_12
Added Pin To Net: NetName=Net*1_13 Pin=*1-13
Added Pin To Net: NetName=Net*1_13 Pin=P4-2
Added Net: Name=Net*1_13
Added Pin To Net: NetName=Net*1_14 Pin=*1-14
Added Pin To Net: NetName=Net*1_14 Pin=P4-1
Added Net: Name=Net*1_14
Added Pin To Net: NetName=Net*2_11 Pin=*2-11
Added Pin To Net: NetName=Net*2_11 Pin=P5-4
Added Net: Name=Net*2_11
Added Pin To Net: NetName=Net*2_12 Pin=*2-12
Added Pin To Net: NetName=Net*2_12 Pin=P5-3
Added Net: Name=Net*2_12
Added Pin To Net: NetName=Net*2_13 Pin=*2-13
Added Pin To Net: NetName=Net*2_13 Pin=P5-2
Added Net: Name=Net*2_13
Added Pin To Net: NetName=Net*2_14 Pin=*2-14
Added Pin To Net: NetName=Net*2_14 Pin=P5-1
Added Net: Name=Net*2_14
Added Pin To Net: NetName=RX Pin=M1-34
Added Pin To Net: NetName=RX Pin=P1-3
Added Net: Name=RX
Added Pin To Net: NetName=STEP1 Pin=*2-8
Added Pin To Net: NetName=STEP1 Pin=M1-11
Added Net: Name=STEP1
Added Pin To Net: NetName=STEP2 Pin=*1-8
Added Pin To Net: NetName=STEP2 Pin=M1-13
Added Net: Name=STEP2
Added Pin To Net: NetName=TX Pin=M1-35
Added Pin To Net: NetName=TX Pin=P1-2
Added Net: Name=TX
Added Class: Name=Sheet2
Added Room: Name=Sheet2
