Change Component Designator: OldDesignator=*1 NewDesignator=
Change Component Designator: OldDesignator=*2 NewDesignator=
Change Component Designator: OldDesignator=*3 NewDesignator=
Change Component Designator: OldDesignator=1 NewDesignator=
Change Component Designator: OldDesignator=2 NewDesignator=
Change Component Designator: OldDesignator=3 NewDesignator=
Change Component Designator: OldDesignator=4 NewDesignator=
Change Component Designator: OldDesignator=5 NewDesignator=
Change Component Designator: OldDesignator=6 NewDesignator=
Change Component Designator: OldDesignator=7 NewDesignator=
Change Component Designator: OldDesignator=C1 NewDesignator=
Change Component Designator: OldDesignator=C2 NewDesignator=
Change Component Designator: OldDesignator=C3 NewDesignator=
Change Component Designator: OldDesignator=C4 NewDesignator=
Change Component Designator: OldDesignator=C5 NewDesignator=
Change Component Designator: OldDesignator=LM1 NewDesignator=
Change Component Designator: OldDesignator=M1 NewDesignator=
Change Component Designator: OldDesignator=P1 NewDesignator=
Change Component Designator: OldDesignator=P2 NewDesignator=
Change Component Designator: OldDesignator=P3 NewDesignator=
Change Component Designator: OldDesignator=P4 NewDesignator=
Change Component Designator: OldDesignator=P5 NewDesignator=
Change Component Designator: OldDesignator=P6 NewDesignator=
Change Component Designator: OldDesignator=P7 NewDesignator=
Change Component Designator: OldDesignator=R1 NewDesignator=
